matchSEDs.py:111: RuntimeWarning: invalid value encountered in divide
  scale = top/bottom
matchSEDs.py:135: RuntimeWarning: invalid value encountered in less
  M_chisq_plus1 = numpy.log10(scale.flatten()[chisq.flatten() < chimin+1])
matchSEDs.py:143: RuntimeWarning: divide by zero encountered in log10
  restframeMags = 23.9 - 2.5*numpy.log10(F_rest)
matchSEDs.py:146: RuntimeWarning: divide by zero encountered in log10
  restframeMUV = 23.9 - 2.5*numpy.log10(UV_rest)
matchSEDs.py:131: RuntimeWarning: divide by zero encountered in log10
  Bestfit_Mass = numpy.log10(scale[tgi,tvi,ti,mi]*params.flux_corr)
matchSEDs.py:135: RuntimeWarning: divide by zero encountered in log10
  M_chisq_plus1 = numpy.log10(scale.flatten()[chisq.flatten() < chimin+1])
matchSEDs.py:194: RuntimeWarning: divide by zero encountered in log10
  print '{0:6d} {1:8f} {2:>5.2f} {3:>7.2f} {4:>8.1f} {5:>8.3f} {6:>5.1f} {7:>8.2f} {8:>3d} {9:>5.2f}'.format(gal+1,ID[gal],zobs[gal],Bestfit_Mass,chimin,tgs,tvs,taus,mis,numpy.log10(Bestfit_SFR))
matchSEDs.py:111: RuntimeWarning: invalid value encountered in divide
  scale = top/bottom
matchSEDs.py:135: RuntimeWarning: invalid value encountered in less
  M_chisq_plus1 = numpy.log10(scale.flatten()[chisq.flatten() < chimin+1])
matchSEDs.py:143: RuntimeWarning: divide by zero encountered in log10
  restframeMags = 23.9 - 2.5*numpy.log10(F_rest)
matchSEDs.py:146: RuntimeWarning: divide by zero encountered in log10
  restframeMUV = 23.9 - 2.5*numpy.log10(UV_rest)
matchSEDs.py:131: RuntimeWarning: divide by zero encountered in log10
  Bestfit_Mass = numpy.log10(scale[tgi,tvi,ti,mi]*params.flux_corr)
matchSEDs.py:135: RuntimeWarning: divide by zero encountered in log10
  M_chisq_plus1 = numpy.log10(scale.flatten()[chisq.flatten() < chimin+1])
matchSEDs.py:194: RuntimeWarning: divide by zero encountered in log10
  print '{0:6d} {1:8f} {2:>5.2f} {3:>7.2f} {4:>8.1f} {5:>8.3f} {6:>5.1f} {7:>8.2f} {8:>3d} {9:>5.2f}'.format(gal+1,ID[gal],zobs[gal],Bestfit_Mass,chimin,tgs,tvs,taus,mis,numpy.log10(Bestfit_SFR))
